<?xml version="1.0" encoding="UTF-8"?>
<!-- Generated by org.testng.reporters.JUnitXMLReporter -->
<testsuite ignored="0" hostname="DESKTOP-CIEOMG7" failures="1" tests="5" name="Login Validation Test" time="18.743" errors="0" timestamp="2024-07-11T13:03:17 IST">
  <testcase classname="ecommerceproject.FrameworkPackage.Tests.LoginValidationTest" name="loginValidationWithCorrectEmailAndPassword" time="1.455"/>
  <testcase classname="ecommerceproject.FrameworkPackage.Tests.LoginValidationTest" name="loginValidationWithWrongEmail" time="0.793">
    <skipped/>
  </testcase> <!-- loginValidationWithWrongEmail -->
  <testcase classname="ecommerceproject.FrameworkPackage.Tests.LoginValidationTest" name="loginValidationWithWrongEmail" time="0.511">
    <failure type="java.lang.AssertionError" message="expected [*Enter Valid Email] but found [*Enter Validy Email]">
      <![CDATA[java.lang.AssertionError: expected [*Enter Valid Email] but found [*Enter Validy Email]
at ecommerceproject.FrameworkPackage.Tests.LoginValidationTest.loginValidationWithWrongEmail(LoginValidationTest.java:19)
at java.base/java.util.ArrayList.forEach(ArrayList.java:1596)
at java.base/java.util.concurrent.FutureTask.run(FutureTask.java:317)
at java.base/java.util.concurrent.ThreadPoolExecutor.runWorker(ThreadPoolExecutor.java:1144)
at java.base/java.util.concurrent.ThreadPoolExecutor$Worker.run(ThreadPoolExecutor.java:642)
at java.base/java.lang.Thread.run(Thread.java:1583)
... Removed 21 stack frames]]>
    </failure>
  </testcase> <!-- loginValidationWithWrongEmail -->
  <testcase classname="ecommerceproject.FrameworkPackage.Tests.LoginValidationTest" name="loginValidationWithWrongEmailAndPassword" time="1.211"/>
  <testcase classname="ecommerceproject.FrameworkPackage.Tests.LoginValidationTest" name="loginValidationWithWrongPassword" time="1.394"/>
</testsuite> <!-- Login Validation Test -->
